[12316:1912:2020-3-31 9:43:46.114] Main Start
[12316:1912:2020-3-31 9:43:46.114] Command line:"C:\Users\yashj\OneDrive\Desktop\CollegeAdda\views\img\Zoom_5e4450b093dccc35.exe"  Instance:0x1F0000 Show State:1
[12316:1912:2020-3-31 9:43:46.392] C:\
[12316:7508:2020-3-31 9:43:46.408] [process_requst] start, url:https://launcher.zoom.us/conf/pui
[12316:1912:2020-3-31 9:43:46.422] [client_has_installed_app] found path:
[12316:1912:2020-3-31 9:43:46.422]  ***NULL-POINTER-PLACEHOLDER***
[12316:1912:2020-3-31 9:43:46.424] [param_query_local_path] path is: C:\Users\yashj\AppData\Roaming\Zoom\ZoomDownload\ dir create response : 1 system error: 1008
[12316:1912:2020-3-31 9:43:46.425] [downloader_run] State:0
[12316:9800:2020-3-31 9:43:46.425] [process_requst] start, url:https://launcher.zoom.us/upgrade?os=win
[12316:9800:2020-3-31 9:43:47.915] [req_state_read_status_code] zHttpQueryInfo complete, status:200
[12316:9800:2020-3-31 9:43:47.915] [req_state_read_status_code] zHttpQueryInfo complete, status:200 Error: 0
[12316:9800:2020-3-31 9:43:47.916] [log_response_content] Content length (1048576 as unknown):598 , Total read: 598 , Error No: 0 , Status code: 200
[12316:9800:2020-3-31 9:43:47.916] [log_response_content] header:
[12316:9800:2020-3-31 9:43:47.916] HTTP/1.1 200 
Date: Tue, 31 Mar 2020 04:13:47 GMT
Content-Type: text/plain;charset=UTF-8
Content-Length: 598
Connection: keep-alive
Server: ZOOM
x-zm-trackingid: WEB_951f5007ae7446a7407fdf88caedb247
X-Content-Type-Options: nosniff
Content-Security-Policy-Report-Only: default-src blob: 'self'; script-src 'unsafe-eval' 'unsafe-inline' blob: https://*.50million.club https://*.adroll.com https://*.cloudfront.net https://*.google.com https://*.hotjar.com https://*.zoom.us https://*.zoomus.cn https://*.zopim.com https://ad.lkqd.net https://ajax.aspnetcdn.com https://apiurl.org https://appsforoffice.microsoft.com https://assets.zendesk.com https://bat.bing.com https://cdn.5bong.com https://cdn.jsdelivr.net https://cdncache-a.akamaihd.net https://code.jquery.com https://connect.facebook.net https://consent.trustarc.com https://extnetcool.com https://fp166.digitaloptout.com https://googleads.g.doubleclick.net https://intljs.rmtag.com https://pi.pardot.com https://px.ads.linkedin.com https://ruanshi2.8686c.com https://rum-static.pingdom.net https://s.dcbap.com https://s.yimg.com https://s.ytimg.com https://s3.amazonaws.com https://scout-cdn.salesloft.com https://sealserver.trustwave.com https://secure-cdn.mplxtms.com https://secure.myshopcouponmac.com https://snap.licdn.com https://sp.analytics.yahoo.com https://srvvtrk.com https://static.zdassets.com https://static2.sharepointonline.com https://tag.demandbase.com https://tpc.googlesyndication.com https://tracking.g2crowd.com https://translate.googleapis.com https://trk.techtarget.com https://unpkg.com https://www.comeet.co https://www.dropbox.com https://www.google-analytics.com https://www.googleadservices.com https://www.googletagmanager.com https://www.gstatic.com https://www.youtube.com https://d.adroll.mgr.consensu.org https://serve2.cheqzone.com https://*.ada.support 'self'; img-src https: blob: data: 'self'; style-src https: 'unsafe-inline' 'self'; font-src https: data: 'self'; connect-src * data: 'self'; media-src * blob: 'self'; frame-src https: ms-appx-web: zoommtg: zoomus: 'self'
Set-Cookie: zm_aid=""; Domain=.zoom.us; Expires=Thu, 01-Jan-1970 00:00:10 GMT; Path=/; Secure; HttpOnly
Set-Cookie: zm_haid=""; Domain=.zoom.us; Expires=Thu, 01-Jan-1970 00:00:10 GMT; Path=/; Secure; HttpOnly
Set-Cookie: cred=8D9D7B46DE6847A78E88401150C44F1B; Path=/; Secure; HttpOnly
Set-Cookie: _zm_page_auth=aw1_c_RZJmSq1KSk-iCM3PT0NVzQ; Domain=.zoom.us; Path=/; Secure; HttpOnly
p3p: CP="NOI ADM DEV PSAi COM NAV OUR OTR STP IND DEM"
Set-Cookie: _zm_ssid=aw1_c_HdMV4xeVTSm922ZZYvsxlA; Domain=.zoom.us; Path=/; Secure; HttpOnly
Set-Cookie: _zm_ctaid=vQH2JKXvT4mVRNHBCJcSmQ.1585628027278.f41efbb941d8cc658db86a2af9516aef; Domain=.zoom.us; Expires=Tue, 31-Mar-2020 06:13:47 GMT; Path=/; Secure; HttpOnly
Set-Cookie: _zm_chtaid=534; Domain=.zoom.us; Expires=Tue, 31-Mar-2020 06:13:47 GMT; Path=/; Secure; HttpOnly
Strict-Transport-Security: max-age=31536000
X-XSS-Protection: 1; mode=block
Referrer-Policy: strict-origin-when-cross-origin


[12316:9800:2020-3-31 9:43:47.916] [process_requst] End for url:https://launcher.zoom.us/upgrade?os=win, return code:200, Error:0, Response content size:598
[12316:7508:2020-3-31 9:43:47.930] [req_state_read_status_code] zHttpQueryInfo complete, status:200
[12316:7508:2020-3-31 9:43:47.931] [req_state_read_status_code] zHttpQueryInfo complete, status:200 Error: 0
[12316:7508:2020-3-31 9:43:47.931] [log_response_content] Content length (1048576 as unknown):428 , Total read: 428 , Error No: 0 , Status code: 200
[12316:7508:2020-3-31 9:43:47.931] [log_response_content] header:
[12316:7508:2020-3-31 9:43:47.931] HTTP/1.1 200 
Date: Tue, 31 Mar 2020 04:13:47 GMT
Content-Type: text/plain;charset=UTF-8
Content-Length: 428
Connection: keep-alive
Server: ZOOM
x-zm-trackingid: WEB_fae1980c273730fbef20279ac02047f0
X-Content-Type-Options: nosniff
Content-Security-Policy-Report-Only: default-src blob: 'self'; script-src 'unsafe-eval' 'unsafe-inline' blob: https://*.50million.club https://*.adroll.com https://*.cloudfront.net https://*.google.com https://*.hotjar.com https://*.zoom.us https://*.zoomus.cn https://*.zopim.com https://ad.lkqd.net https://ajax.aspnetcdn.com https://apiurl.org https://appsforoffice.microsoft.com https://assets.zendesk.com https://bat.bing.com https://cdn.5bong.com https://cdn.jsdelivr.net https://cdncache-a.akamaihd.net https://code.jquery.com https://connect.facebook.net https://consent.trustarc.com https://extnetcool.com https://fp166.digitaloptout.com https://googleads.g.doubleclick.net https://intljs.rmtag.com https://pi.pardot.com https://px.ads.linkedin.com https://ruanshi2.8686c.com https://rum-static.pingdom.net https://s.dcbap.com https://s.yimg.com https://s.ytimg.com https://s3.amazonaws.com https://scout-cdn.salesloft.com https://sealserver.trustwave.com https://secure-cdn.mplxtms.com https://secure.myshopcouponmac.com https://snap.licdn.com https://sp.analytics.yahoo.com https://srvvtrk.com https://static.zdassets.com https://static2.sharepointonline.com https://tag.demandbase.com https://tpc.googlesyndication.com https://tracking.g2crowd.com https://translate.googleapis.com https://trk.techtarget.com https://unpkg.com https://www.comeet.co https://www.dropbox.com https://www.google-analytics.com https://www.googleadservices.com https://www.googletagmanager.com https://www.gstatic.com https://www.youtube.com https://d.adroll.mgr.consensu.org https://serve2.cheqzone.com https://*.ada.support 'self'; img-src https: blob: data: 'self'; style-src https: 'unsafe-inline' 'self'; font-src https: data: 'self'; connect-src * data: 'self'; media-src * blob: 'self'; frame-src https: ms-appx-web: zoommtg: zoomus: 'self'
Set-Cookie: zm_aid=""; Domain=.zoom.us; Expires=Thu, 01-Jan-1970 00:00:10 GMT; Path=/; Secure; HttpOnly
Set-Cookie: zm_haid=""; Domain=.zoom.us; Expires=Thu, 01-Jan-1970 00:00:10 GMT; Path=/; Secure; HttpOnly
Set-Cookie: cred=457F4777E189030EDF9EA384625C1A00; Path=/; Secure; HttpOnly
Set-Cookie: _zm_page_auth=aw1_c_VsT9IIpFQWC4KyB-orEbCg; Domain=.zoom.us; Path=/; Secure; HttpOnly
p3p: CP="NOI ADM DEV PSAi COM NAV OUR OTR STP IND DEM"
Set-Cookie: _zm_ssid=aw1_c_JSiVVt_5Sza5UdyeNW6ZCg; Domain=.zoom.us; Path=/; Secure; HttpOnly
Set-Cookie: _zm_ctaid=Nttzs4pESJy3vH7Z1JF7BQ.1585628027295.ab6f569bfdb8406f06fc3517ee95a08f; Domain=.zoom.us; Expires=Tue, 31-Mar-2020 06:13:47 GMT; Path=/; Secure; HttpOnly
Set-Cookie: _zm_chtaid=569; Domain=.zoom.us; Expires=Tue, 31-Mar-2020 06:13:47 GMT; Path=/; Secure; HttpOnly
Cache-Control: no-cache, no-store
Expires: Thu, 01 Jan 1970 00:00:00 GMT
Pragma: no-cache
Strict-Transport-Security: max-age=31536000
X-XSS-Protection: 1; mode=block
Referrer-Policy: strict-origin-when-cross-origin


[12316:7508:2020-3-31 9:43:47.931] [process_requst] End for url:https://launcher.zoom.us/conf/pui, return code:200, Error:0, Response content size:428
[12316:1912:2020-3-31 9:43:47.961] [handle_download_job_done] Index: 0 Curr index: 0 StatusCode: 200 Error: 0 Response: 
[12316:1912:2020-3-31 9:43:47.961] Check-sum=b9540e97b22481189d7ff67f50b118e4;VCRed-sum=5689d43c3b201dd3810fa3bba4a6476a;fullmsi-sum=c10ad846e1e0380574c35feeaca2d16b;fullcab-sum=93dda437e224137c7474e123c2f45ce0;fullsip-sum=b700b7e44a4ae93da6b556bef47f427c;Installer-sum=91fe7a87fbcfda520a45cfedc88d4bab;Update-Option=1;Current-version=4.6.19178.0323;Download-root=https://launcher.zoom.us/client;Package-url=https://launcher.zoom.us/client/4.6.19178.0323/Zoom.msi?t=atupg;Package-name=Zoom.msi;Installer-name=Installer.exe;ahcab-name=Airhost.CAB;sipcab-name=Sipcall.CAB;codesnippet-name=codesnippet_win.zip;fullcab-name=ZoomFull.CAB;
[12316:9800:2020-3-31 9:43:47.967] [process_requst] start, url:https://launcher.zoom.us/client/4.6.19178.0323/Installer.exe?t=atupg
[12316:1912:2020-3-31 9:43:47.968] [client_has_installed_app] found path:
[12316:1912:2020-3-31 9:43:47.968]  ***NULL-POINTER-PLACEHOLDER***
[12316:9800:2020-3-31 9:43:50.223] [req_state_read_status_code] zHttpQueryInfo complete, status:200
[12316:9800:2020-3-31 9:43:50.223] [req_state_read_status_code] zHttpQueryInfo complete, status:200 Error: 0
[12316:9800:2020-3-31 9:43:50.615] [read_response_file] Status Code:200, content length: 626520, total read: 626520, error code: 0
[12316:9800:2020-3-31 9:43:55.40] [process_requst] End for url:https://launcher.zoom.us/client/4.6.19178.0323/Installer.exe?t=atupg, return code:200, Error:0, Response content size:0
[12316:1912:2020-3-31 9:43:55.68] [handle_download_job_done] Index: 1 Curr index: 1 StatusCode: 200 Error: 0 Response is Empty. 
[12316:9800:2020-3-31 9:43:55.230] [process_requst] start, url:https://launcher.zoom.us/client/4.6.19178.0323/Zoom.msi?t=atupg
[12316:9800:2020-3-31 9:43:56.611] [req_state_read_status_code] zHttpQueryInfo complete, status:200
[12316:9800:2020-3-31 9:43:56.611] [req_state_read_status_code] zHttpQueryInfo complete, status:200 Error: 0
[12316:9800:2020-3-31 9:44:0.866] [read_response_file] Status Code:200, content length: 10894189, total read: 10894189, error code: 0
[12316:9800:2020-3-31 9:44:0.901] [process_requst] End for url:https://launcher.zoom.us/client/4.6.19178.0323/Zoom.msi?t=atupg, return code:200, Error:0, Response content size:0
[12316:1912:2020-3-31 9:44:0.962] [handle_download_job_done] Index: 2 Curr index: 2 StatusCode: 200 Error: 0 Response is Empty. 
[12316:1912:2020-3-31 9:44:1.1] C:\Users\yashj\AppData\Roaming\Zoom\ZoomDownload\Installer.exe
[12316:1912:2020-3-31 9:44:1.2] ZInstaller --conf.mode=silent --ipc_wnd=197826
[12316:1912:2020-3-31 9:44:1.732] [launch_silent_install] Installer process created, result:42
[12316:1912:2020-3-31 9:49:22.42] Main End
